**** The Simulator log: stage 2
0.0,OOP_Ex0_Elevator_Simulator
0.0,Simulated Building, ex0.simulator.Builging_A [-2,10]
0) ex0.simulator.Elevator_A, Elev_0, speed: 1.0, open/close: 2.0,  start/stop: 3.0
1) ex0.simulator.Elevator_A, Elev_1, speed: 1.0, open/close: 2.0,  start/stop: 3.0
0.0,Simulated Period starTime,0.0,  endTime,1000.0,  dt,1.0
0.0,Simulated  calls,Elevetor log, size: 100
0.0,**** Simulation starts!! ****
5.0,Elevator call,4.374727290393253,0,-1,1,0, got allocated to elevator, 0
5.0, elevID,0,  pos,-2,  cmd, goto,0
17.0,Elevator call,16.957882888088932,-1,0,1,1, got allocated to elevator, 1
17.0,Elev,0,  arrived at src, 0, Elevator call,4.374727290393253,0,-1,2,0
17.0, elevID,0,  pos,0,  cmd, goto,-1
17.0, elevID,1,  pos,-2,  cmd, goto,-1
23.0,Elevator call,22.094056301593582,0,-1,1,0, got allocated to elevator, 0
28.0,Elev,0,  arrived at dest, -1, this call is done!, Elevator call,4.374727290393253,0,-1,3,0, Done, dt, 23.625272709606747
28.0, elevID,0,  pos,-1,  cmd, goto,0
28.0,Elev,1,  arrived at src, -1, Elevator call,16.957882888088932,-1,0,2,1
28.0, elevID,1,  pos,-1,  cmd, goto,0
39.0,Elev,0,  arrived at src, 0, Elevator call,22.094056301593582,0,-1,2,0
39.0, elevID,0,  pos,0,  cmd, goto,-1
39.0,Elev,1,  arrived at dest, 0, this call is done!, Elevator call,16.957882888088932,-1,0,3,1, Done, dt, 22.042117111911068
50.0,Elev,0,  arrived at dest, -1, this call is done!, Elevator call,22.094056301593582,0,-1,3,0, Done, dt, 27.905943698406418
86.0,Elevator call,85.5209666204754,3,2,1,1, got allocated to elevator, 1
86.0, elevID,1,  pos,0,  cmd, goto,3
92.0,Elevator call,91.21019413453945,-1,-2,1,0, got allocated to elevator, 0
92.0,Elev,0,  arrived at src, -1, Elevator call,91.21019413453945,-1,-2,2,0
92.0, elevID,0,  pos,-1,  cmd, goto,-1
93.0, elevID,0,  pos,-1,  cmd, goto,-2
99.0,Elev,1,  arrived at src, 3, Elevator call,85.5209666204754,3,2,2,1
99.0, elevID,1,  pos,3,  cmd, goto,2
104.0,Elev,0,  arrived at dest, -2, this call is done!, Elevator call,91.21019413453945,-1,-2,3,0, Done, dt, 12.78980586546055
105.0,Elevator call,104.13701241869234,0,4,1,0, got allocated to elevator, 0
105.0, elevID,0,  pos,-2,  cmd, goto,0
110.0,Elevator call,109.21352909346587,-1,0,1,1, got allocated to elevator, 1
110.0,Elev,1,  arrived at dest, 2, this call is done!, Elevator call,85.5209666204754,3,2,3,1, Done, dt, 24.479033379524594
110.0, elevID,1,  pos,2,  cmd, goto,-1
115.0,Elevator call,114.39235096774041,3,0,1,1, got allocated to elevator, 1
117.0,Elev,0,  arrived at src, 0, Elevator call,104.13701241869234,0,4,2,0
117.0, elevID,0,  pos,0,  cmd, goto,4
123.0,Elev,1,  arrived at src, -1, Elevator call,109.21352909346587,-1,0,2,1
123.0, elevID,1,  pos,-1,  cmd, goto,3
125.0,Elevator call,124.42557095980362,0,9,1,1, got allocated to elevator, 1
131.0,Elevator call,130.02495678190564,8,10,1,0, got allocated to elevator, 0
131.0,Elevator call,130.224911275492,-1,1,1,1, got allocated to elevator, 1
131.0,Elev,0,  arrived at dest, 4, this call is done!, Elevator call,104.13701241869234,0,4,3,0, Done, dt, 26.862987581307664
131.0, elevID,0,  pos,4,  cmd, goto,8
137.0,Elev,1,  arrived at src, 3, Elevator call,114.39235096774041,3,0,2,1
137.0, elevID,1,  pos,3,  cmd, goto,9
138.0,Elevator call,137.9515274326701,0,4,1,1, got allocated to elevator, 1
144.0,Elevator call,143.91335838799415,0,6,1,1, got allocated to elevator, 1
145.0,Elev,0,  arrived at src, 8, Elevator call,130.02495678190564,8,10,2,0
145.0, elevID,0,  pos,8,  cmd, goto,10
153.0, elevID,1,  pos,9,  cmd, goto,-1
157.0,Elev,0,  arrived at dest, 10, this call is done!, Elevator call,130.02495678190564,8,10,3,0, Done, dt, 26.975043218094356
170.0,Elevator call,169.78458339380109,-1,0,1,0, got allocated to elevator, 0
170.0, elevID,0,  pos,10,  cmd, goto,-1
171.0,Elevator call,170.0099620835246,0,6,1,1, got allocated to elevator, 1
172.0,Elevator call,171.21173315221364,-1,8,1,1, got allocated to elevator, 1
173.0,Elev,1,  arrived at src, -1, Elevator call,130.224911275492,-1,1,2,1
173.0,Elev,1,  arrived at src, -1, Elevator call,171.21173315221364,-1,8,2,1
173.0, elevID,1,  pos,-1,  cmd, goto,0
175.0,Elevator call,174.84385152106802,0,-1,1,0, got allocated to elevator, 0
184.0,Elev,1,  arrived at dest, 0, this call is done!, Elevator call,109.21352909346587,-1,0,3,1, Done, dt, 74.78647090653413
184.0,Elev,1,  arrived at dest, 0, this call is done!, Elevator call,114.39235096774041,3,0,3,1, Done, dt, 69.60764903225959
184.0,Elev,1,  arrived at src, 0, Elevator call,124.42557095980362,0,9,2,1
184.0,Elev,1,  arrived at src, 0, Elevator call,137.9515274326701,0,4,2,1
184.0,Elev,1,  arrived at src, 0, Elevator call,143.91335838799415,0,6,2,1
184.0,Elev,1,  arrived at src, 0, Elevator call,170.0099620835246,0,6,2,1
184.0, elevID,1,  pos,0,  cmd, goto,1
188.0,Elevator call,187.11678617348463,-1,-2,1,0, got allocated to elevator, 0
188.0,Elevator call,187.7299317966884,-1,-2,1,0, got allocated to elevator, 0
191.0,Elev,0,  arrived at src, -1, Elevator call,169.78458339380109,-1,0,2,0
191.0,Elev,0,  arrived at src, -1, Elevator call,187.11678617348463,-1,-2,2,0
191.0,Elev,0,  arrived at src, -1, Elevator call,187.7299317966884,-1,-2,2,0
191.0, elevID,0,  pos,-1,  cmd, goto,-2
195.0,Elev,1,  arrived at dest, 1, this call is done!, Elevator call,130.224911275492,-1,1,3,1, Done, dt, 64.77508872450801
195.0, elevID,1,  pos,1,  cmd, goto,4
196.0,Elevator call,195.90869649656992,0,7,1,1, got allocated to elevator, 1
198.0,Elevator call,197.5359191292572,-1,1,1,0, got allocated to elevator, 0
202.0,Elev,0,  arrived at dest, -2, this call is done!, Elevator call,187.11678617348463,-1,-2,3,0, Done, dt, 14.883213826515373
202.0,Elev,0,  arrived at dest, -2, this call is done!, Elevator call,187.7299317966884,-1,-2,3,0, Done, dt, 14.27006820331161
202.0, elevID,0,  pos,-2,  cmd, goto,-1
206.0,Elevator call,205.9895199338651,-1,0,1,0, got allocated to elevator, 0
208.0,Elev,1,  arrived at dest, 4, this call is done!, Elevator call,137.9515274326701,0,4,3,1, Done, dt, 70.0484725673299
208.0, elevID,1,  pos,4,  cmd, goto,6
213.0,Elev,0,  arrived at src, -1, Elevator call,197.5359191292572,-1,1,2,0
213.0,Elev,0,  arrived at src, -1, Elevator call,205.9895199338651,-1,0,2,0
213.0, elevID,0,  pos,-1,  cmd, goto,0
220.0,Elev,1,  arrived at dest, 6, this call is done!, Elevator call,143.91335838799415,0,6,3,1, Done, dt, 76.08664161200585
220.0,Elev,1,  arrived at dest, 6, this call is done!, Elevator call,170.0099620835246,0,6,3,1, Done, dt, 49.99003791647539
220.0, elevID,1,  pos,6,  cmd, goto,9
224.0,Elev,0,  arrived at dest, 0, this call is done!, Elevator call,169.78458339380109,-1,0,3,0, Done, dt, 54.215416606198914
224.0,Elev,0,  arrived at src, 0, Elevator call,174.84385152106802,0,-1,2,0
224.0,Elev,0,  arrived at dest, 0, this call is done!, Elevator call,205.9895199338651,-1,0,3,0, Done, dt, 18.010480066134903
224.0, elevID,0,  pos,0,  cmd, goto,1
228.0,Elevator call,227.0798304557929,-1,5,1,1, got allocated to elevator, 1
232.0,Elevator call,231.51578817426258,-1,0,1,0, got allocated to elevator, 0
233.0,Elevator call,232.95043623946805,0,-1,1,0, got allocated to elevator, 0
233.0,Elev,1,  arrived at dest, 9, this call is done!, Elevator call,124.42557095980362,0,9,3,1, Done, dt, 108.57442904019638
233.0, elevID,1,  pos,9,  cmd, goto,-1
235.0,Elev,0,  arrived at dest, 1, this call is done!, Elevator call,197.5359191292572,-1,1,3,0, Done, dt, 37.464080870742805
235.0, elevID,0,  pos,1,  cmd, goto,0
246.0,Elev,0,  arrived at src, 0, Elevator call,232.95043623946805,0,-1,2,0
246.0, elevID,0,  pos,0,  cmd, goto,-1
252.0,Elevator call,251.10444690749756,-1,-2,1,0, got allocated to elevator, 0
252.0,Elevator call,251.23593354161653,0,9,1,1, got allocated to elevator, 1
253.0,Elev,1,  arrived at src, -1, Elevator call,227.0798304557929,-1,5,2,1
253.0, elevID,1,  pos,-1,  cmd, goto,0
255.0,Elevator call,254.69771525200505,3,4,1,1, got allocated to elevator, 1
257.0,Elev,0,  arrived at dest, -1, this call is done!, Elevator call,174.84385152106802,0,-1,3,0, Done, dt, 82.15614847893198
257.0,Elev,0,  arrived at src, -1, Elevator call,231.51578817426258,-1,0,2,0
257.0,Elev,0,  arrived at dest, -1, this call is done!, Elevator call,232.95043623946805,0,-1,3,0, Done, dt, 24.049563760531953
257.0,Elev,0,  arrived at src, -1, Elevator call,251.10444690749756,-1,-2,2,0
257.0, elevID,0,  pos,-1,  cmd, goto,-2
258.0,Elevator call,257.7974435335086,-1,0,1,1, got allocated to elevator, 1
264.0,Elev,1,  arrived at src, 0, Elevator call,195.90869649656992,0,7,2,1
264.0,Elev,1,  arrived at src, 0, Elevator call,251.23593354161653,0,9,2,1
264.0, elevID,1,  pos,0,  cmd, goto,1
268.0,Elev,0,  arrived at dest, -2, this call is done!, Elevator call,251.10444690749756,-1,-2,3,0, Done, dt, 16.89555309250244
275.0, elevID,1,  pos,1,  cmd, goto,3
287.0,Elev,1,  arrived at src, 3, Elevator call,254.69771525200505,3,4,2,1
287.0, elevID,1,  pos,3,  cmd, goto,4
296.0,Elevator call,295.7943356681491,0,1,1,0, got allocated to elevator, 0
296.0, elevID,0,  pos,-2,  cmd, goto,0
298.0,Elev,1,  arrived at dest, 4, this call is done!, Elevator call,254.69771525200505,3,4,3,1, Done, dt, 43.302284747994946
298.0, elevID,1,  pos,4,  cmd, goto,5
305.0,Elevator call,304.99843880775313,6,0,1,0, got allocated to elevator, 0
308.0,Elev,0,  arrived at dest, 0, this call is done!, Elevator call,231.51578817426258,-1,0,3,0, Done, dt, 76.48421182573742
308.0,Elev,0,  arrived at src, 0, Elevator call,295.7943356681491,0,1,2,0
308.0, elevID,0,  pos,0,  cmd, goto,6
309.0,Elev,1,  arrived at dest, 5, this call is done!, Elevator call,227.0798304557929,-1,5,3,1, Done, dt, 81.92016954420711
309.0, elevID,1,  pos,5,  cmd, goto,6
310.0,Elevator call,309.30053828560517,0,-1,1,1, got allocated to elevator, 1
313.0,Elevator call,312.30185564398687,0,-1,1,1, got allocated to elevator, 1
317.0,Elevator call,316.03237827404377,0,-1,1,1, got allocated to elevator, 1
320.0,Elevator call,319.90520204415634,6,5,1,1, got allocated to elevator, 1
320.0,Elev,1,  arrived at src, 6, Elevator call,319.90520204415634,6,5,2,1
320.0, elevID,1,  pos,6,  cmd, goto,7
321.0,Elevator call,320.97607492210807,-1,0,1,1, got allocated to elevator, 1
322.0,Elevator call,321.37040904796595,7,-1,1,0, got allocated to elevator, 0
324.0,Elev,0,  arrived at src, 6, Elevator call,304.99843880775313,6,0,2,0
324.0, elevID,0,  pos,6,  cmd, goto,7
331.0,Elev,1,  arrived at dest, 7, this call is done!, Elevator call,195.90869649656992,0,7,3,1, Done, dt, 135.09130350343008
331.0, elevID,1,  pos,7,  cmd, goto,8
333.0,Elevator call,332.4267319393355,0,10,1,1, got allocated to elevator, 1
335.0,Elev,0,  arrived at src, 7, Elevator call,321.37040904796595,7,-1,2,0
335.0, elevID,0,  pos,7,  cmd, goto,1
337.0,Elevator call,336.93043046159545,-1,0,1,1, got allocated to elevator, 1
342.0,Elev,1,  arrived at dest, 8, this call is done!, Elevator call,171.21173315221364,-1,8,3,1, Done, dt, 170.78826684778636
342.0, elevID,1,  pos,8,  cmd, goto,9
351.0,Elev,0,  arrived at dest, 1, this call is done!, Elevator call,295.7943356681491,0,1,3,0, Done, dt, 55.205664331850926
351.0, elevID,0,  pos,1,  cmd, goto,0
353.0,Elev,1,  arrived at dest, 9, this call is done!, Elevator call,251.23593354161653,0,9,3,1, Done, dt, 101.76406645838347
353.0, elevID,1,  pos,9,  cmd, goto,-1
362.0,Elev,0,  arrived at dest, 0, this call is done!, Elevator call,304.99843880775313,6,0,3,0, Done, dt, 57.00156119224687
362.0, elevID,0,  pos,0,  cmd, goto,-1
373.0,Elev,0,  arrived at dest, -1, this call is done!, Elevator call,321.37040904796595,7,-1,3,0, Done, dt, 51.62959095203405
373.0,Elev,1,  arrived at src, -1, Elevator call,257.7974435335086,-1,0,2,1
373.0,Elev,1,  arrived at src, -1, Elevator call,320.97607492210807,-1,0,2,1
373.0,Elev,1,  arrived at src, -1, Elevator call,336.93043046159545,-1,0,2,1
373.0, elevID,1,  pos,-1,  cmd, goto,0
376.0,Elevator call,375.49048095381363,1,0,1,0, got allocated to elevator, 0
376.0, elevID,0,  pos,-1,  cmd, goto,1
384.0,Elev,1,  arrived at dest, 0, this call is done!, Elevator call,257.7974435335086,-1,0,3,1, Done, dt, 126.20255646649139
384.0,Elev,1,  arrived at src, 0, Elevator call,309.30053828560517,0,-1,2,1
384.0,Elev,1,  arrived at src, 0, Elevator call,312.30185564398687,0,-1,2,1
384.0,Elev,1,  arrived at src, 0, Elevator call,316.03237827404377,0,-1,2,1
384.0,Elev,1,  arrived at dest, 0, this call is done!, Elevator call,320.97607492210807,-1,0,3,1, Done, dt, 63.02392507789193
384.0,Elev,1,  arrived at src, 0, Elevator call,332.4267319393355,0,10,2,1
384.0,Elev,1,  arrived at dest, 0, this call is done!, Elevator call,336.93043046159545,-1,0,3,1, Done, dt, 47.06956953840455
384.0, elevID,1,  pos,0,  cmd, goto,1
388.0,Elev,0,  arrived at src, 1, Elevator call,375.49048095381363,1,0,2,0
388.0, elevID,0,  pos,1,  cmd, goto,0
393.0,Elevator call,392.5160764870397,0,5,1,1, got allocated to elevator, 1
395.0, elevID,1,  pos,1,  cmd, goto,4
399.0,Elev,0,  arrived at dest, 0, this call is done!, Elevator call,375.49048095381363,1,0,3,0, Done, dt, 23.50951904618637
406.0,Elevator call,405.1821140884023,-1,10,1,0, got allocated to elevator, 0
406.0, elevID,0,  pos,0,  cmd, goto,-1
408.0, elevID,1,  pos,4,  cmd, goto,5
417.0,Elev,0,  arrived at src, -1, Elevator call,405.1821140884023,-1,10,2,0
417.0, elevID,0,  pos,-1,  cmd, goto,10
419.0,Elev,1,  arrived at dest, 5, this call is done!, Elevator call,319.90520204415634,6,5,3,1, Done, dt, 99.09479795584366
419.0, elevID,1,  pos,5,  cmd, goto,6
427.0,Elevator call,426.8615805478589,2,0,1,1, got allocated to elevator, 1
430.0, elevID,1,  pos,6,  cmd, goto,7
438.0,Elevator call,437.17111576125836,1,0,1,0, got allocated to elevator, 0
438.0,Elev,0,  arrived at dest, 10, this call is done!, Elevator call,405.1821140884023,-1,10,3,0, Done, dt, 32.81788591159773
438.0, elevID,0,  pos,10,  cmd, goto,1
441.0, elevID,1,  pos,7,  cmd, goto,8
452.0, elevID,1,  pos,8,  cmd, goto,9
457.0,Elev,0,  arrived at src, 1, Elevator call,437.17111576125836,1,0,2,0
457.0, elevID,0,  pos,1,  cmd, goto,0
463.0, elevID,1,  pos,9,  cmd, goto,10
468.0,Elev,0,  arrived at dest, 0, this call is done!, Elevator call,437.17111576125836,1,0,3,0, Done, dt, 30.828884238741637
473.0,Elevator call,472.7445473930129,10,-1,1,0, got allocated to elevator, 0
473.0, elevID,0,  pos,0,  cmd, goto,10
474.0,Elev,1,  arrived at dest, 10, this call is done!, Elevator call,332.4267319393355,0,10,3,1, Done, dt, 141.57326806066447
474.0, elevID,1,  pos,10,  cmd, goto,-1
493.0,Elev,0,  arrived at src, 10, Elevator call,472.7445473930129,10,-1,2,0
493.0, elevID,0,  pos,10,  cmd, goto,-1
495.0,Elev,1,  arrived at dest, -1, this call is done!, Elevator call,309.30053828560517,0,-1,3,1, Done, dt, 185.69946171439483
495.0,Elev,1,  arrived at dest, -1, this call is done!, Elevator call,312.30185564398687,0,-1,3,1, Done, dt, 182.69814435601313
495.0,Elev,1,  arrived at dest, -1, this call is done!, Elevator call,316.03237827404377,0,-1,3,1, Done, dt, 178.96762172595623
495.0, elevID,1,  pos,-1,  cmd, goto,0
501.0,Elevator call,500.3712044996745,8,-1,1,0, got allocated to elevator, 0
504.0,Elevator call,503.13847841893045,1,-1,1,0, got allocated to elevator, 0
505.0,Elevator call,504.4317942159655,0,-1,1,0, got allocated to elevator, 0
506.0,Elev,1,  arrived at src, 0, Elevator call,392.5160764870397,0,5,2,1
506.0, elevID,1,  pos,0,  cmd, goto,1
514.0,Elev,0,  arrived at dest, -1, this call is done!, Elevator call,472.7445473930129,10,-1,3,0, Done, dt, 41.25545260698709
514.0, elevID,0,  pos,-1,  cmd, goto,8
517.0, elevID,1,  pos,1,  cmd, goto,2
528.0,Elev,1,  arrived at src, 2, Elevator call,426.8615805478589,2,0,2,1
528.0, elevID,1,  pos,2,  cmd, goto,4
530.0,Elevator call,529.6277472128405,3,-1,1,0, got allocated to elevator, 0
533.0,Elev,0,  arrived at src, 8, Elevator call,500.3712044996745,8,-1,2,0
533.0, elevID,0,  pos,8,  cmd, goto,3
538.0,Elevator call,537.7866883694313,-1,6,1,1, got allocated to elevator, 1
540.0, elevID,1,  pos,4,  cmd, goto,5
545.0,Elevator call,544.7880392034898,6,-1,1,0, got allocated to elevator, 0
548.0,Elev,0,  arrived at src, 3, Elevator call,529.6277472128405,3,-1,2,0
548.0, elevID,0,  pos,3,  cmd, goto,6
551.0,Elev,1,  arrived at dest, 5, this call is done!, Elevator call,392.5160764870397,0,5,3,1, Done, dt, 158.4839235129603
551.0, elevID,1,  pos,5,  cmd, goto,6
555.0,Elevator call,554.0892922920482,4,0,1,1, got allocated to elevator, 1
558.0,Elevator call,557.2441390036331,10,0,1,1, got allocated to elevator, 1
561.0,Elev,0,  arrived at src, 6, Elevator call,544.7880392034898,6,-1,2,0
561.0, elevID,0,  pos,6,  cmd, goto,-1
562.0, elevID,1,  pos,6,  cmd, goto,10
566.0,Elevator call,565.0195521745534,0,-1,1,0, got allocated to elevator, 0
576.0,Elev,1,  arrived at src, 10, Elevator call,557.2441390036331,10,0,2,1
576.0, elevID,1,  pos,10,  cmd, goto,9
578.0,Elev,0,  arrived at dest, -1, this call is done!, Elevator call,500.3712044996745,8,-1,3,0, Done, dt, 77.62879550032551
578.0,Elev,0,  arrived at dest, -1, this call is done!, Elevator call,529.6277472128405,3,-1,3,0, Done, dt, 48.37225278715948
578.0,Elev,0,  arrived at dest, -1, this call is done!, Elevator call,544.7880392034898,6,-1,3,0, Done, dt, 33.2119607965102
582.0,Elevator call,581.8703090238192,0,3,1,0, got allocated to elevator, 0
582.0, elevID,0,  pos,-1,  cmd, goto,0
587.0, elevID,1,  pos,9,  cmd, goto,8
593.0,Elev,0,  arrived at src, 0, Elevator call,504.4317942159655,0,-1,2,0
593.0,Elev,0,  arrived at src, 0, Elevator call,565.0195521745534,0,-1,2,0
593.0,Elev,0,  arrived at src, 0, Elevator call,581.8703090238192,0,3,2,0
593.0, elevID,0,  pos,0,  cmd, goto,3
597.0,Elevator call,596.1232022872633,8,0,1,0, got allocated to elevator, 0
598.0, elevID,1,  pos,8,  cmd, goto,7
601.0,Elevator call,600.9312879686208,1,0,1,1, got allocated to elevator, 1
604.0,Elevator call,603.9342326983083,7,0,1,1, got allocated to elevator, 1
606.0,Elev,0,  arrived at dest, 3, this call is done!, Elevator call,581.8703090238192,0,3,3,0, Done, dt, 24.12969097618077
606.0, elevID,0,  pos,3,  cmd, goto,8
609.0,Elev,1,  arrived at src, 7, Elevator call,603.9342326983083,7,0,2,1
609.0, elevID,1,  pos,7,  cmd, goto,0
618.0,Elevator call,617.9628338542149,0,3,1,1, got allocated to elevator, 1
620.0,Elevator call,619.6454196970012,9,0,1,0, got allocated to elevator, 0
621.0,Elev,0,  arrived at src, 8, Elevator call,596.1232022872633,8,0,2,0
621.0, elevID,0,  pos,8,  cmd, goto,9
626.0,Elev,1,  arrived at dest, 0, this call is done!, Elevator call,426.8615805478589,2,0,3,1, Done, dt, 199.13841945214108
626.0,Elev,1,  arrived at dest, 0, this call is done!, Elevator call,557.2441390036331,10,0,3,1, Done, dt, 68.75586099636689
626.0,Elev,1,  arrived at dest, 0, this call is done!, Elevator call,603.9342326983083,7,0,3,1, Done, dt, 22.06576730169172
626.0,Elev,1,  arrived at src, 0, Elevator call,617.9628338542149,0,3,2,1
626.0, elevID,1,  pos,0,  cmd, goto,-1
627.0,Elevator call,626.2116172047942,0,1,1,1, got allocated to elevator, 1
632.0,Elev,0,  arrived at src, 9, Elevator call,619.6454196970012,9,0,2,0
632.0, elevID,0,  pos,9,  cmd, goto,3
637.0,Elev,1,  arrived at src, -1, Elevator call,537.7866883694313,-1,6,2,1
637.0, elevID,1,  pos,-1,  cmd, goto,0
644.0,Elevator call,643.8547514955396,-1,2,1,1, got allocated to elevator, 1
648.0, elevID,0,  pos,3,  cmd, goto,0
648.0,Elev,1,  arrived at src, 0, Elevator call,626.2116172047942,0,1,2,1
648.0, elevID,1,  pos,0,  cmd, goto,1
659.0,Elev,1,  arrived at src, 1, Elevator call,600.9312879686208,1,0,2,1
659.0,Elev,1,  arrived at dest, 1, this call is done!, Elevator call,626.2116172047942,0,1,3,1, Done, dt, 32.78838279520585
659.0, elevID,1,  pos,1,  cmd, goto,2
661.0,Elevator call,660.0732907797126,6,10,1,0, got allocated to elevator, 0
661.0,Elev,0,  arrived at dest, 0, this call is done!, Elevator call,596.1232022872633,8,0,3,0, Done, dt, 64.87679771273667
661.0,Elev,0,  arrived at dest, 0, this call is done!, Elevator call,619.6454196970012,9,0,3,0, Done, dt, 41.354580302998784
661.0, elevID,0,  pos,0,  cmd, goto,6
662.0,Elevator call,661.0420820268716,-1,3,1,1, got allocated to elevator, 1
663.0,Elevator call,662.1730527520776,-1,5,1,1, got allocated to elevator, 1
666.0,Elevator call,665.1155548533167,-1,8,1,1, got allocated to elevator, 1
667.0,Elevator call,666.0340294605869,4,0,1,1, got allocated to elevator, 1
667.0,Elevator call,666.2411586665262,5,-1,1,1, got allocated to elevator, 1
670.0, elevID,1,  pos,2,  cmd, goto,10
673.0,Elevator call,672.677314157026,0,-1,1,1, got allocated to elevator, 1
677.0,Elev,0,  arrived at src, 6, Elevator call,660.0732907797126,6,10,2,0
677.0, elevID,0,  pos,6,  cmd, goto,10
678.0,Elevator call,677.7341948387335,0,-1,1,1, got allocated to elevator, 1
679.0,Elevator call,678.9953584914538,-1,-2,1,1, got allocated to elevator, 1
688.0, elevID,1,  pos,10,  cmd, goto,9
691.0,Elev,0,  arrived at dest, 10, this call is done!, Elevator call,660.0732907797126,6,10,3,0, Done, dt, 30.92670922028742
696.0,Elevator call,695.2239881566923,0,10,1,0, got allocated to elevator, 0
696.0, elevID,0,  pos,10,  cmd, goto,0
699.0, elevID,1,  pos,9,  cmd, goto,8
707.0,Elevator call,706.1583474999188,-1,-2,1,0, got allocated to elevator, 0
710.0, elevID,1,  pos,8,  cmd, goto,7
711.0,Elevator call,710.3249770041223,0,1,1,0, got allocated to elevator, 0
714.0,Elevator call,713.0191971398395,1,0,1,0, got allocated to elevator, 0
714.0,Elevator call,713.2499766424826,10,-1,1,0, got allocated to elevator, 0
716.0,Elev,0,  arrived at src, 0, Elevator call,695.2239881566923,0,10,2,0
716.0,Elev,0,  arrived at src, 0, Elevator call,710.3249770041223,0,1,2,0
716.0, elevID,0,  pos,0,  cmd, goto,10
721.0, elevID,1,  pos,7,  cmd, goto,6
723.0,Elevator call,722.6161212799507,10,0,1,1, got allocated to elevator, 1
728.0,Elevator call,727.514602863032,-1,0,1,1, got allocated to elevator, 1
732.0,Elev,1,  arrived at dest, 6, this call is done!, Elevator call,537.7866883694313,-1,6,3,1, Done, dt, 194.21331163056868
732.0, elevID,1,  pos,6,  cmd, goto,10
733.0,Elevator call,732.9746341348998,6,-1,1,0, got allocated to elevator, 0
736.0,Elev,0,  arrived at dest, 10, this call is done!, Elevator call,695.2239881566923,0,10,3,0, Done, dt, 40.77601184330774
736.0,Elev,0,  arrived at src, 10, Elevator call,713.2499766424826,10,-1,2,0
736.0, elevID,0,  pos,10,  cmd, goto,6
738.0,Elevator call,737.314720213409,1,0,1,0, got allocated to elevator, 0
746.0,Elev,1,  arrived at src, 10, Elevator call,722.6161212799507,10,0,2,1
746.0, elevID,1,  pos,10,  cmd, goto,6
750.0,Elev,0,  arrived at src, 6, Elevator call,732.9746341348998,6,-1,2,0
750.0, elevID,0,  pos,6,  cmd, goto,1
760.0, elevID,1,  pos,6,  cmd, goto,5
765.0,Elev,0,  arrived at src, 1, Elevator call,503.13847841893045,1,-1,2,0
765.0,Elev,0,  arrived at dest, 1, this call is done!, Elevator call,710.3249770041223,0,1,3,0, Done, dt, 54.675022995877725
765.0,Elev,0,  arrived at src, 1, Elevator call,713.0191971398395,1,0,2,0
765.0,Elev,0,  arrived at src, 1, Elevator call,737.314720213409,1,0,2,0
765.0, elevID,0,  pos,1,  cmd, goto,0
771.0,Elev,1,  arrived at src, 5, Elevator call,666.2411586665262,5,-1,2,1
771.0, elevID,1,  pos,5,  cmd, goto,4
776.0,Elev,0,  arrived at dest, 0, this call is done!, Elevator call,713.0191971398395,1,0,3,0, Done, dt, 62.98080286016045
776.0,Elev,0,  arrived at dest, 0, this call is done!, Elevator call,737.314720213409,1,0,3,0, Done, dt, 38.68527978659097
776.0, elevID,0,  pos,0,  cmd, goto,-1
780.0,Elevator call,779.399691386574,-1,5,1,1, got allocated to elevator, 1
782.0,Elev,1,  arrived at src, 4, Elevator call,554.0892922920482,4,0,2,1
782.0,Elev,1,  arrived at src, 4, Elevator call,666.0340294605869,4,0,2,1
782.0, elevID,1,  pos,4,  cmd, goto,3
787.0,Elev,0,  arrived at dest, -1, this call is done!, Elevator call,503.13847841893045,1,-1,3,0, Done, dt, 283.86152158106955
787.0,Elev,0,  arrived at dest, -1, this call is done!, Elevator call,504.4317942159655,0,-1,3,0, Done, dt, 282.5682057840345
787.0,Elev,0,  arrived at dest, -1, this call is done!, Elevator call,565.0195521745534,0,-1,3,0, Done, dt, 221.98044782544662
787.0,Elev,0,  arrived at src, -1, Elevator call,706.1583474999188,-1,-2,2,0
787.0,Elev,0,  arrived at dest, -1, this call is done!, Elevator call,713.2499766424826,10,-1,3,0, Done, dt, 73.75002335751742
787.0,Elev,0,  arrived at dest, -1, this call is done!, Elevator call,732.9746341348998,6,-1,3,0, Done, dt, 54.025365865100184
793.0,Elev,1,  arrived at dest, 3, this call is done!, Elevator call,617.9628338542149,0,3,3,1, Done, dt, 175.03716614578514
793.0, elevID,1,  pos,3,  cmd, goto,0
806.0,Elevator call,805.6754743307536,-1,-2,1,0, got allocated to elevator, 0
806.0,Elev,0,  arrived at src, -1, Elevator call,805.6754743307536,-1,-2,2,0
806.0, elevID,0,  pos,-1,  cmd, goto,-1
806.0,Elev,1,  arrived at dest, 0, this call is done!, Elevator call,554.0892922920482,4,0,3,1, Done, dt, 251.91070770795181
806.0,Elev,1,  arrived at dest, 0, this call is done!, Elevator call,600.9312879686208,1,0,3,1, Done, dt, 205.06871203137916
806.0,Elev,1,  arrived at dest, 0, this call is done!, Elevator call,666.0340294605869,4,0,3,1, Done, dt, 139.9659705394131
806.0,Elev,1,  arrived at src, 0, Elevator call,672.677314157026,0,-1,2,1
806.0,Elev,1,  arrived at src, 0, Elevator call,677.7341948387335,0,-1,2,1
806.0,Elev,1,  arrived at dest, 0, this call is done!, Elevator call,722.6161212799507,10,0,3,1, Done, dt, 83.38387872004932
806.0, elevID,1,  pos,0,  cmd, goto,-2
807.0, elevID,0,  pos,-1,  cmd, goto,-2
811.0,Elevator call,810.4469089359914,2,0,1,0, got allocated to elevator, 0
817.0,Elevator call,816.1516998390152,7,-1,1,0, got allocated to elevator, 0
818.0,Elev,0,  arrived at dest, -2, this call is done!, Elevator call,706.1583474999188,-1,-2,3,0, Done, dt, 111.84165250008118
818.0,Elev,0,  arrived at dest, -2, this call is done!, Elevator call,805.6754743307536,-1,-2,3,0, Done, dt, 12.32452566924644
818.0, elevID,0,  pos,-2,  cmd, goto,7
818.0, elevID,1,  pos,-2,  cmd, goto,-1
826.0,Elevator call,825.4575184586336,7,0,1,1, got allocated to elevator, 1
829.0,Elev,1,  arrived at src, -1, Elevator call,643.8547514955396,-1,2,2,1
829.0,Elev,1,  arrived at src, -1, Elevator call,661.0420820268716,-1,3,2,1
829.0,Elev,1,  arrived at src, -1, Elevator call,662.1730527520776,-1,5,2,1
829.0,Elev,1,  arrived at src, -1, Elevator call,665.1155548533167,-1,8,2,1
829.0,Elev,1,  arrived at dest, -1, this call is done!, Elevator call,666.2411586665262,5,-1,3,1, Done, dt, 162.7588413334738
829.0,Elev,1,  arrived at dest, -1, this call is done!, Elevator call,672.677314157026,0,-1,3,1, Done, dt, 156.322685842974
829.0,Elev,1,  arrived at dest, -1, this call is done!, Elevator call,677.7341948387335,0,-1,3,1, Done, dt, 151.26580516126648
829.0,Elev,1,  arrived at src, -1, Elevator call,678.9953584914538,-1,-2,2,1
829.0,Elev,1,  arrived at src, -1, Elevator call,727.514602863032,-1,0,2,1
829.0,Elev,1,  arrived at src, -1, Elevator call,779.399691386574,-1,5,2,1
829.0, elevID,1,  pos,-1,  cmd, goto,10
837.0,Elev,0,  arrived at src, 7, Elevator call,816.1516998390152,7,-1,2,0
837.0, elevID,0,  pos,7,  cmd, goto,-1
840.0,Elevator call,839.8525652620532,0,1,1,1, got allocated to elevator, 1
850.0, elevID,1,  pos,10,  cmd, goto,9
855.0,Elevator call,854.2002278085795,6,-1,1,0, got allocated to elevator, 0
855.0,Elev,0,  arrived at dest, -1, this call is done!, Elevator call,816.1516998390152,7,-1,3,0, Done, dt, 38.84830016098476
855.0, elevID,0,  pos,-1,  cmd, goto,6
861.0, elevID,1,  pos,9,  cmd, goto,8
864.0,Elevator call,863.893291272948,0,-1,1,1, got allocated to elevator, 1
871.0,Elevator call,870.5053023797483,0,7,1,1, got allocated to elevator, 1
872.0,Elev,0,  arrived at src, 6, Elevator call,854.2002278085795,6,-1,2,0
872.0, elevID,0,  pos,6,  cmd, goto,-1
872.0,Elev,1,  arrived at dest, 8, this call is done!, Elevator call,665.1155548533167,-1,8,3,1, Done, dt, 206.88444514668333
872.0, elevID,1,  pos,8,  cmd, goto,7
883.0,Elev,1,  arrived at src, 7, Elevator call,825.4575184586336,7,0,2,1
883.0, elevID,1,  pos,7,  cmd, goto,6
887.0,Elevator call,886.5649993239458,-1,-2,1,0, got allocated to elevator, 0
889.0,Elev,0,  arrived at dest, -1, this call is done!, Elevator call,854.2002278085795,6,-1,3,0, Done, dt, 34.799772191420516
889.0,Elev,0,  arrived at src, -1, Elevator call,886.5649993239458,-1,-2,2,0
889.0, elevID,0,  pos,-1,  cmd, goto,-2
893.0,Elevator call,892.5212150591021,9,-1,1,0, got allocated to elevator, 0
894.0, elevID,1,  pos,6,  cmd, goto,5
900.0,Elev,0,  arrived at dest, -2, this call is done!, Elevator call,886.5649993239458,-1,-2,3,0, Done, dt, 13.435000676054187
905.0,Elev,1,  arrived at dest, 5, this call is done!, Elevator call,662.1730527520776,-1,5,3,1, Done, dt, 242.82694724792236
905.0,Elev,1,  arrived at dest, 5, this call is done!, Elevator call,779.399691386574,-1,5,3,1, Done, dt, 125.60030861342602
905.0, elevID,1,  pos,5,  cmd, goto,4
911.0,Elevator call,910.5388559417848,6,5,1,0, got allocated to elevator, 0
911.0, elevID,0,  pos,-2,  cmd, goto,6
916.0,Elevator call,915.9490574608818,4,-1,1,1, got allocated to elevator, 1
916.0,Elev,1,  arrived at src, 4, Elevator call,915.9490574608818,4,-1,2,1
916.0, elevID,1,  pos,4,  cmd, goto,4
917.0, elevID,1,  pos,4,  cmd, goto,3
928.0,Elev,1,  arrived at dest, 3, this call is done!, Elevator call,661.0420820268716,-1,3,3,1, Done, dt, 266.95791797312836
928.0, elevID,1,  pos,3,  cmd, goto,2
929.0,Elev,0,  arrived at src, 6, Elevator call,910.5388559417848,6,5,2,0
929.0, elevID,0,  pos,6,  cmd, goto,5
934.0,Elevator call,933.8580452488764,7,5,1,0, got allocated to elevator, 0
939.0,Elev,1,  arrived at dest, 2, this call is done!, Elevator call,643.8547514955396,-1,2,3,1, Done, dt, 295.14524850446037
939.0, elevID,1,  pos,2,  cmd, goto,1
940.0,Elev,0,  arrived at dest, 5, this call is done!, Elevator call,910.5388559417848,6,5,3,0, Done, dt, 29.461144058215154
940.0, elevID,0,  pos,5,  cmd, goto,7
950.0, elevID,1,  pos,1,  cmd, goto,0
952.0,Elev,0,  arrived at src, 7, Elevator call,933.8580452488764,7,5,2,0
952.0, elevID,0,  pos,7,  cmd, goto,5
961.0,Elev,1,  arrived at dest, 0, this call is done!, Elevator call,727.514602863032,-1,0,3,1, Done, dt, 233.485397136968
961.0,Elev,1,  arrived at dest, 0, this call is done!, Elevator call,825.4575184586336,7,0,3,1, Done, dt, 135.54248154136644
961.0,Elev,1,  arrived at src, 0, Elevator call,839.8525652620532,0,1,2,1
961.0,Elev,1,  arrived at src, 0, Elevator call,863.893291272948,0,-1,2,1
961.0,Elev,1,  arrived at src, 0, Elevator call,870.5053023797483,0,7,2,1
961.0, elevID,1,  pos,0,  cmd, goto,-1
962.0,Elevator call,961.6862855708133,6,-1,1,0, got allocated to elevator, 0
964.0,Elev,0,  arrived at dest, 5, this call is done!, Elevator call,933.8580452488764,7,5,3,0, Done, dt, 30.14195475112365
964.0, elevID,0,  pos,5,  cmd, goto,6
972.0,Elev,1,  arrived at dest, -1, this call is done!, Elevator call,863.893291272948,0,-1,3,1, Done, dt, 108.10670872705202
972.0,Elev,1,  arrived at dest, -1, this call is done!, Elevator call,915.9490574608818,4,-1,3,1, Done, dt, 56.05094253911818
972.0, elevID,1,  pos,-1,  cmd, goto,-2
973.0,Elevator call,972.8032126022729,1,0,1,1, got allocated to elevator, 1
975.0,Elev,0,  arrived at src, 6, Elevator call,961.6862855708133,6,-1,2,0
975.0, elevID,0,  pos,6,  cmd, goto,-1
976.0,Elevator call,975.8361202753667,0,-1,1,0, got allocated to elevator, 0
979.0,Elevator call,978.5925148564796,10,0,1,0, got allocated to elevator, 0
979.0,Elevator call,978.6210500641439,10,-1,1,0, got allocated to elevator, 0
983.0,Elev,1,  arrived at dest, -2, this call is done!, Elevator call,678.9953584914538,-1,-2,3,1, Done, dt, 304.00464150854623
983.0, elevID,1,  pos,-2,  cmd, goto,10
985.0,Elevator call,984.1840185574983,7,0,1,0, got allocated to elevator, 0
992.0,Elev,0,  arrived at dest, -1, this call is done!, Elevator call,961.6862855708133,6,-1,3,0, Done, dt, 30.31371442918669
992.0, elevID,0,  pos,-1,  cmd, goto,10
1000.0,************* Simulation Ended ************
Code Owners,308528538,31254934,  Case,2,  Total waiting time: 9273.792822120191,  average waiting time per call: 92.73792822120191,  unCompleted calls,9,  certificate, -2778877679
